<?xml version="1.0" encoding="UTF-8"?>
<!-- Generated by org.testng.reporters.JUnitReportReporter -->
<testsuite hostname="DESKTOP-5BKKI8L" failures="0" tests="1" name="com.allianz.test.AddEmployeeTest" time="25.040" errors="0" timestamp="2024-04-29T04:36:35 PDT" skipped="0">
  <testcase classname="com.allianz.test.AddEmployeeTest" name="addEmployeeTest" time="25.040"/>
</testsuite> <!-- com.allianz.test.AddEmployeeTest -->
