<?xml version="1.0" encoding="UTF-8"?>
<!-- Generated by org.testng.reporters.JUnitReportReporter -->
<testsuite hostname="DESKTOP-5BKKI8L" failures="0" tests="2" name="com.allianz.test.LoginTest" time="21.787" errors="0" timestamp="2024-04-16T00:18:44 PDT" skipped="0">
  <testcase classname="com.allianz.test.LoginTest" name="invalidLoginTest" time="11.247"/>
  <testcase classname="com.allianz.test.LoginTest" name="invalidLoginTest" time="10.540"/>
</testsuite> <!-- com.allianz.test.LoginTest -->
