<?xml version="1.0" encoding="UTF-8"?>
<!-- Generated by org.testng.reporters.JUnitReportReporter -->
<testsuite hostname="DESKTOP-5BKKI8L" failures="0" tests="2" name="com.allianz.test.LoginUITest" time="20.633" errors="0" timestamp="2024-04-03T23:56:51 PDT" skipped="0">
  <testcase classname="com.allianz.test.LoginUITest" name="getVersion" time="8.863"/>
  <testcase classname="com.allianz.test.LoginUITest" name="titleTest" time="11.770"/>
</testsuite> <!-- com.allianz.test.LoginUITest -->
