<?xml version="1.0" encoding="UTF-8"?>
<!-- Generated by org.testng.reporters.JUnitReportReporter -->
<testsuite hostname="DESKTOP-5BKKI8L" failures="0" tests="2" name="com.allianz.test.LoginTest" time="24.994" errors="0" timestamp="2024-04-23T00:02:15 PDT" skipped="0">
  <testcase classname="com.allianz.test.LoginTest" name="validLoginTest" time="14.103"/>
  <testcase classname="com.allianz.test.LoginTest" name="validLoginTest" time="10.891"/>
</testsuite> <!-- com.allianz.test.LoginTest -->
