<?xml version="1.0" encoding="UTF-8"?>
<!-- Generated by org.testng.reporters.JUnitReportReporter -->
<testsuite hostname="DESKTOP-5BKKI8L" failures="0" tests="4" name="com.allianz.test.LoginTest" time="55.833" errors="0" timestamp="2024-04-25T00:23:53 PDT" skipped="0">
  <testcase classname="com.allianz.test.LoginTest" name="validLoginTest" time="10.966"/>
  <testcase classname="com.allianz.test.LoginTest" name="validLoginTest" time="10.374"/>
  <testcase classname="com.allianz.test.LoginTest" name="invalidLoginTest" time="9.564"/>
  <testcase classname="com.allianz.test.LoginTest" name="invalidLoginTest" time="24.929"/>
</testsuite> <!-- com.allianz.test.LoginTest -->
