<?xml version="1.0" encoding="UTF-8"?>
<!-- Generated by org.testng.reporters.JUnitReportReporter -->
<testsuite hostname="DESKTOP-5BKKI8L" failures="0" tests="1" name="com.allianz.test.AddEmployeeTest" time="26.406" errors="0" timestamp="2024-04-17T23:22:55 PDT" skipped="0">
  <testcase classname="com.allianz.test.AddEmployeeTest" name="uploadInvalidPictureTest" time="26.406"/>
</testsuite> <!-- com.allianz.test.AddEmployeeTest -->
