<?xml version="1.0" encoding="UTF-8"?>
<!-- Generated by org.testng.reporters.JUnitReportReporter -->
<testsuite hostname="DESKTOP-5BKKI8L" failures="0" tests="2" name="com.allianz.test.AddEmployeeTest" time="40.515" errors="0" timestamp="2024-05-03T00:25:36 PDT" skipped="0">
  <testcase classname="com.allianz.test.AddEmployeeTest" name="addEmployeeTest" time="23.826"/>
  <testcase classname="com.allianz.test.AddEmployeeTest" name="uploadInvalidPictureTest" time="16.689"/>
</testsuite> <!-- com.allianz.test.AddEmployeeTest -->
