<?xml version="1.0" encoding="UTF-8"?>
<!-- Generated by org.testng.reporters.JUnitReportReporter -->
<testsuite hostname="DESKTOP-5BKKI8L" failures="0" tests="4" name="com.allianz.test.LoginTest" time="42.036" errors="0" timestamp="2024-05-03T00:25:36 PDT" skipped="0">
  <testcase classname="com.allianz.test.LoginTest" name="invalidLoginTest" time="9.221"/>
  <testcase classname="com.allianz.test.LoginTest" name="validLoginTest" time="12.886"/>
  <testcase classname="com.allianz.test.LoginTest" name="invalidLoginTest" time="9.354"/>
  <testcase classname="com.allianz.test.LoginTest" name="validLoginTest" time="10.575"/>
</testsuite> <!-- com.allianz.test.LoginTest -->
